# JRE version: OpenJDK Runtime Environment (8.0_152-b02) (build 1.8.0_152-release-1024-b02)
# Java VM: OpenJDK 64-Bit Server VM (25.152-b02 mixed mode windows-amd64 compressed oops)
Heap:
 PSYoungGen      total 304128K, used 188327K [0x00000000e0000000, 0x00000000f4280000, 0x0000000100000000)
  eden space 281600K, 58% used [0x00000000e0000000,0x00000000ea1ee4b0,0x00000000f1300000)
  from space 22528K, 99% used [0x00000000f1300000,0x00000000f28fb9c0,0x00000000f2900000)
  to   space 17920K, 0% used [0x00000000f2900000,0x00000000f2900000,0x00000000f3a80000)
 ParOldGen       total 140288K, used 62019K [0x00000000a0000000, 0x00000000a8900000, 0x00000000e0000000)
  object space 140288K, 44% used [0x00000000a0000000,0x00000000a3c90ca8,0x00000000a8900000)
 Metaspace       used 74333K, capacity 77641K, committed 77912K, reserved 1116160K
  class space    used 9620K, capacity 10306K, committed 10368K, reserved 1048576K
GC Heap History (10 events):
Event: 63.241 GC heap before
{Heap before GC invocations=16 (full 3):
 PSYoungGen      total 251392K, used 233472K [0x00000000e0000000, 0x00000000f0880000, 0x0000000100000000)
  eden space 233472K, 100% used [0x00000000e0000000,0x00000000ee400000,0x00000000ee400000)
  from space 17920K, 0% used [0x00000000ef500000,0x00000000ef500000,0x00000000f0680000)
  to   space 17408K, 0% used [0x00000000ee400000,0x00000000ee400000,0x00000000ef500000)
 ParOldGen       total 140288K, used 31526K [0x00000000a0000000, 0x00000000a8900000, 0x00000000e0000000)
  object space 140288K, 22% used [0x00000000a0000000,0x00000000a1ec9928,0x00000000a8900000)
 Metaspace       used 63090K, capacity 64927K, committed 65112K, reserved 1105920K
  class space    used 8250K, capacity 8725K, committed 8832K, reserved 1048576K
Event: 63.278 GC heap after
Heap after GC invocations=16 (full 3):
 PSYoungGen      total 250880K, used 13460K [0x00000000e0000000, 0x00000000f3a80000, 0x0000000100000000)
  eden space 233472K, 0% used [0x00000000e0000000,0x00000000e0000000,0x00000000ee400000)
  from space 17408K, 77% used [0x00000000ee400000,0x00000000ef125150,0x00000000ef500000)
  to   space 17920K, 0% used [0x00000000f2900000,0x00000000f2900000,0x00000000f3a80000)
 ParOldGen       total 140288K, used 31534K [0x00000000a0000000, 0x00000000a8900000, 0x00000000e0000000)
  object space 140288K, 22% used [0x00000000a0000000,0x00000000a1ecb928,0x00000000a8900000)
 Metaspace       used 63090K, capacity 64927K, committed 65112K, reserved 1105920K
  class space    used 8250K, capacity 8725K, committed 8832K, reserved 1048576K
}
Event: 71.354 GC heap before
{Heap before GC invocations=17 (full 3):
 PSYoungGen      total 250880K, used 246932K [0x00000000e0000000, 0x00000000f3a80000, 0x0000000100000000)
  eden space 233472K, 100% used [0x00000000e0000000,0x00000000ee400000,0x00000000ee400000)
  from space 17408K, 77% used [0x00000000ee400000,0x00000000ef125150,0x00000000ef500000)
  to   space 17920K, 0% used [0x00000000f2900000,0x00000000f2900000,0x00000000f3a80000)
 ParOldGen       total 140288K, used 31534K [0x00000000a0000000, 0x00000000a8900000, 0x00000000e0000000)
  object space 140288K, 22% used [0x00000000a0000000,0x00000000a1ecb928,0x00000000a8900000)
 Metaspace       used 72709K, capacity 75809K, committed 75992K, reserved 1116160K
  class space    used 9508K, capacity 10162K, committed 10240K, reserved 1048576K
Event: 71.408 GC heap after
Heap after GC invocations=17 (full 3):
 PSYoungGen      total 299520K, used 17890K [0x00000000e0000000, 0x00000000f4280000, 0x0000000100000000)
  eden space 281600K, 0% used [0x00000000e0000000,0x00000000e0000000,0x00000000f1300000)
  from space 17920K, 99% used [0x00000000f2900000,0x00000000f3a78b40,0x00000000f3a80000)
  to   space 22528K, 0% used [0x00000000f1300000,0x00000000f1300000,0x00000000f2900000)
 ParOldGen       total 140288K, used 37748K [0x00000000a0000000, 0x00000000a8900000, 0x00000000e0000000)
  object space 140288K, 26% used [0x00000000a0000000,0x00000000a24dd208,0x00000000a8900000)
 Metaspace       used 72709K, capacity 75809K, committed 75992K, reserved 1116160K
  class space    used 9508K, capacity 10162K, committed 10240K, reserved 1048576K
}
Event: 73.711 GC heap before
{Heap before GC invocations=18 (full 3):
 PSYoungGen      total 299520K, used 299490K [0x00000000e0000000, 0x00000000f4280000, 0x0000000100000000)
  eden space 281600K, 100% used [0x00000000e0000000,0x00000000f1300000,0x00000000f1300000)
  from space 17920K, 99% used [0x00000000f2900000,0x00000000f3a78b40,0x00000000f3a80000)
  to   space 22528K, 0% used [0x00000000f1300000,0x00000000f1300000,0x00000000f2900000)
 ParOldGen       total 140288K, used 37748K [0x00000000a0000000, 0x00000000a8900000, 0x00000000e0000000)
  object space 140288K, 26% used [0x00000000a0000000,0x00000000a24dd208,0x00000000a8900000)
 Metaspace       used 73243K, capacity 76451K, committed 76504K, reserved 1116160K
  class space    used 9546K, capacity 10203K, committed 10240K, reserved 1048576K
Event: 73.753 GC heap after
Heap after GC invocations=18 (full 3):
 PSYoungGen      total 304128K, used 19970K [0x00000000e0000000, 0x00000000f4280000, 0x0000000100000000)
  eden space 281600K, 0% used [0x00000000e0000000,0x00000000e0000000,0x00000000f1300000)
  from space 22528K, 88% used [0x00000000f1300000,0x00000000f2680950,0x00000000f2900000)
  to   space 17920K, 0% used [0x00000000f2900000,0x00000000f2900000,0x00000000f3a80000)
 ParOldGen       total 140288K, used 37756K [0x00000000a0000000, 0x00000000a8900000, 0x00000000e0000000)
  object space 140288K, 26% used [0x00000000a0000000,0x00000000a24df208,0x00000000a8900000)
 Metaspace       used 73243K, capacity 76451K, committed 76504K, reserved 1116160K
  class space    used 9546K, capacity 10203K, committed 10240K, reserved 1048576K
}
Event: 75.149 GC heap before
{Heap before GC invocations=19 (full 3):
 PSYoungGen      total 304128K, used 301570K [0x00000000e0000000, 0x00000000f4280000, 0x0000000100000000)
  eden space 281600K, 100% used [0x00000000e0000000,0x00000000f1300000,0x00000000f1300000)
  from space 22528K, 88% used [0x00000000f1300000,0x00000000f2680950,0x00000000f2900000)
  to   space 17920K, 0% used [0x00000000f2900000,0x00000000f2900000,0x00000000f3a80000)
 ParOldGen       total 140288K, used 37756K [0x00000000a0000000, 0x00000000a8900000, 0x00000000e0000000)
  object space 140288K, 26% used [0x00000000a0000000,0x00000000a24df208,0x00000000a8900000)
 Metaspace       used 73370K, capacity 76531K, committed 76760K, reserved 1116160K
  class space    used 9546K, capacity 10203K, committed 10240K, reserved 1048576K
Event: 75.205 GC heap after
Heap after GC invocations=19 (full 3):
 PSYoungGen      total 299520K, used 17351K [0x00000000e0000000, 0x00000000f4280000, 0x0000000100000000)
  eden space 281600K, 0% used [0x00000000e0000000,0x00000000e0000000,0x00000000f1300000)
  from space 17920K, 96% used [0x00000000f2900000,0x00000000f39f1df0,0x00000000f3a80000)
  to   space 22528K, 0% used [0x00000000f1300000,0x00000000f1300000,0x00000000f2900000)
 ParOldGen       total 140288K, used 37756K [0x00000000a0000000, 0x00000000a8900000, 0x00000000e0000000)
  object space 140288K, 26% used [0x00000000a0000000,0x00000000a24df208,0x00000000a8900000)
 Metaspace       used 73370K, capacity 76531K, committed 76760K, reserved 1116160K
  class space    used 9546K, capacity 10203K, committed 10240K, reserved 1048576K
}
Event: 78.920 GC heap before
{Heap before GC invocations=20 (full 3):
 PSYoungGen      total 299520K, used 298951K [0x00000000e0000000, 0x00000000f4280000, 0x0000000100000000)
  eden space 281600K, 100% used [0x00000000e0000000,0x00000000f1300000,0x00000000f1300000)
  from space 17920K, 96% used [0x00000000f2900000,0x00000000f39f1df0,0x00000000f3a80000)
  to   space 22528K, 0% used [0x00000000f1300000,0x00000000f1300000,0x00000000f2900000)
 ParOldGen       total 140288K, used 37756K [0x00000000a0000000, 0x00000000a8900000, 0x00000000e0000000)
  object space 140288K, 26% used [0x00000000a0000000,0x00000000a24df208,0x00000000a8900000)
 Metaspace       used 74210K, capacity 77469K, committed 77656K, reserved 1116160K
  class space    used 9609K, capacity 10296K, committed 10368K, reserved 1048576K
Event: 79.064 GC heap after
Heap after GC invocations=20 (full 3):
 PSYoungGen      total 304128K, used 22510K [0x00000000e0000000, 0x00000000f4280000, 0x0000000100000000)
  eden space 281600K, 0% used [0x00000000e0000000,0x00000000e0000000,0x00000000f1300000)
  from space 22528K, 99% used [0x00000000f1300000,0x00000000f28fb9c0,0x00000000f2900000)
  to   space 17920K, 0% used [0x00000000f2900000,0x00000000f2900000,0x00000000f3a80000)
 ParOldGen       total 140288K, used 62019K [0x00000000a0000000, 0x00000000a8900000, 0x00000000e0000000)
  object space 140288K, 44% used [0x00000000a0000000,0x00000000a3c90ca8,0x00000000a8900000)
 Metaspace       used 74210K, capacity 77469K, committed 77656K, reserved 1116160K
  class space    used 9609K, capacity 10296K, committed 10368K, reserved 1048576K
}

