# JRE version: OpenJDK Runtime Environment (8.0_152-b02) (build 1.8.0_152-release-1024-b02)
# Java VM: OpenJDK 64-Bit Server VM (25.152-b02 mixed mode windows-amd64 compressed oops)
Heap:
 PSYoungGen      total 270336K, used 24296K [0x00000000e0000000, 0x00000000f4080000, 0x0000000100000000)
  eden space 250368K, 6% used [0x00000000e0000000,0x00000000e0f9ac00,0x00000000ef480000)
  from space 19968K, 41% used [0x00000000ef480000,0x00000000efc9f6b0,0x00000000f0800000)
  to   space 19456K, 0% used [0x00000000f2d80000,0x00000000f2d80000,0x00000000f4080000)
 ParOldGen       total 134144K, used 54264K [0x00000000a0000000, 0x00000000a8300000, 0x00000000e0000000)
  object space 134144K, 40% used [0x00000000a0000000,0x00000000a34fe078,0x00000000a8300000)
 Metaspace       used 72781K, capacity 75354K, committed 75648K, reserved 1114112K
  class space    used 9364K, capacity 10004K, committed 10112K, reserved 1048576K
GC Heap History (10 events):
Event: 32.824 GC heap before
{Heap before GC invocations=16 (full 2):
 PSYoungGen      total 155648K, used 77141K [0x00000000e0000000, 0x00000000edf80000, 0x0000000100000000)
  eden space 140288K, 46% used [0x00000000e0000000,0x00000000e4036880,0x00000000e8900000)
  from space 15360K, 74% used [0x00000000e8900000,0x00000000e941ee28,0x00000000e9800000)
  to   space 15872K, 0% used [0x00000000ed000000,0x00000000ed000000,0x00000000edf80000)
 ParOldGen       total 91136K, used 28668K [0x00000000a0000000, 0x00000000a5900000, 0x00000000e0000000)
  object space 91136K, 31% used [0x00000000a0000000,0x00000000a1bff378,0x00000000a5900000)
 Metaspace       used 56952K, capacity 58838K, committed 59008K, reserved 1099776K
  class space    used 7703K, capacity 8202K, committed 8320K, reserved 1048576K
Event: 32.865 GC heap after
Heap after GC invocations=16 (full 2):
 PSYoungGen      total 213504K, used 6940K [0x00000000e0000000, 0x00000000ee600000, 0x0000000100000000)
  eden space 197632K, 0% used [0x00000000e0000000,0x00000000e0000000,0x00000000ec100000)
  from space 15872K, 43% used [0x00000000ed000000,0x00000000ed6c71d0,0x00000000edf80000)
  to   space 15360K, 0% used [0x00000000ec100000,0x00000000ec100000,0x00000000ed000000)
 ParOldGen       total 91136K, used 33867K [0x00000000a0000000, 0x00000000a5900000, 0x00000000e0000000)
  object space 91136K, 37% used [0x00000000a0000000,0x00000000a2112f10,0x00000000a5900000)
 Metaspace       used 56952K, capacity 58838K, committed 59008K, reserved 1099776K
  class space    used 7703K, capacity 8202K, committed 8320K, reserved 1048576K
}
Event: 32.865 GC heap before
{Heap before GC invocations=17 (full 3):
 PSYoungGen      total 213504K, used 6940K [0x00000000e0000000, 0x00000000ee600000, 0x0000000100000000)
  eden space 197632K, 0% used [0x00000000e0000000,0x00000000e0000000,0x00000000ec100000)
  from space 15872K, 43% used [0x00000000ed000000,0x00000000ed6c71d0,0x00000000edf80000)
  to   space 15360K, 0% used [0x00000000ec100000,0x00000000ec100000,0x00000000ed000000)
 ParOldGen       total 91136K, used 33867K [0x00000000a0000000, 0x00000000a5900000, 0x00000000e0000000)
  object space 91136K, 37% used [0x00000000a0000000,0x00000000a2112f10,0x00000000a5900000)
 Metaspace       used 56952K, capacity 58838K, committed 59008K, reserved 1099776K
  class space    used 7703K, capacity 8202K, committed 8320K, reserved 1048576K
Event: 33.370 GC heap after
Heap after GC invocations=17 (full 3):
 PSYoungGen      total 213504K, used 0K [0x00000000e0000000, 0x00000000ee600000, 0x0000000100000000)
  eden space 197632K, 0% used [0x00000000e0000000,0x00000000e0000000,0x00000000ec100000)
  from space 15872K, 0% used [0x00000000ed000000,0x00000000ed000000,0x00000000edf80000)
  to   space 15360K, 0% used [0x00000000ec100000,0x00000000ec100000,0x00000000ed000000)
 ParOldGen       total 134144K, used 37052K [0x00000000a0000000, 0x00000000a8300000, 0x00000000e0000000)
  object space 134144K, 27% used [0x00000000a0000000,0x00000000a242f1f0,0x00000000a8300000)
 Metaspace       used 56952K, capacity 58838K, committed 59008K, reserved 1099776K
  class space    used 7703K, capacity 8202K, committed 8320K, reserved 1048576K
}
Event: 84.699 GC heap before
{Heap before GC invocations=18 (full 3):
 PSYoungGen      total 213504K, used 197632K [0x00000000e0000000, 0x00000000ee600000, 0x0000000100000000)
  eden space 197632K, 100% used [0x00000000e0000000,0x00000000ec100000,0x00000000ec100000)
  from space 15872K, 0% used [0x00000000ed000000,0x00000000ed000000,0x00000000edf80000)
  to   space 15360K, 0% used [0x00000000ec100000,0x00000000ec100000,0x00000000ed000000)
 ParOldGen       total 134144K, used 37052K [0x00000000a0000000, 0x00000000a8300000, 0x00000000e0000000)
  object space 134144K, 27% used [0x00000000a0000000,0x00000000a242f1f0,0x00000000a8300000)
 Metaspace       used 66204K, capacity 68522K, committed 68736K, reserved 1107968K
  class space    used 8689K, capacity 9270K, committed 9344K, reserved 1048576K
Event: 84.736 GC heap after
Heap after GC invocations=18 (full 3):
 PSYoungGen      total 212992K, used 15346K [0x00000000e0000000, 0x00000000f1d80000, 0x0000000100000000)
  eden space 197632K, 0% used [0x00000000e0000000,0x00000000e0000000,0x00000000ec100000)
  from space 15360K, 99% used [0x00000000ec100000,0x00000000ecffc888,0x00000000ed000000)
  to   space 18944K, 0% used [0x00000000f0b00000,0x00000000f0b00000,0x00000000f1d80000)
 ParOldGen       total 134144K, used 41027K [0x00000000a0000000, 0x00000000a8300000, 0x00000000e0000000)
  object space 134144K, 30% used [0x00000000a0000000,0x00000000a2810f88,0x00000000a8300000)
 Metaspace       used 66204K, capacity 68522K, committed 68736K, reserved 1107968K
  class space    used 8689K, capacity 9270K, committed 9344K, reserved 1048576K
}
Event: 88.824 GC heap before
{Heap before GC invocations=19 (full 3):
 PSYoungGen      total 212992K, used 212978K [0x00000000e0000000, 0x00000000f1d80000, 0x0000000100000000)
  eden space 197632K, 100% used [0x00000000e0000000,0x00000000ec100000,0x00000000ec100000)
  from space 15360K, 99% used [0x00000000ec100000,0x00000000ecffc888,0x00000000ed000000)
  to   space 18944K, 0% used [0x00000000f0b00000,0x00000000f0b00000,0x00000000f1d80000)
 ParOldGen       total 134144K, used 41027K [0x00000000a0000000, 0x00000000a8300000, 0x00000000e0000000)
  object space 134144K, 30% used [0x00000000a0000000,0x00000000a2810f88,0x00000000a8300000)
 Metaspace       used 68551K, capacity 70928K, committed 71040K, reserved 1110016K
  class space    used 8951K, capacity 9567K, committed 9600K, reserved 1048576K
Event: 88.864 GC heap after
Heap after GC invocations=19 (full 3):
 PSYoungGen      total 267264K, used 15152K [0x00000000e0000000, 0x00000000f1b80000, 0x0000000100000000)
  eden space 250368K, 0% used [0x00000000e0000000,0x00000000e0000000,0x00000000ef480000)
  from space 16896K, 89% used [0x00000000f0b00000,0x00000000f19cc080,0x00000000f1b80000)
  to   space 19968K, 0% used [0x00000000ef480000,0x00000000ef480000,0x00000000f0800000)
 ParOldGen       total 134144K, used 54256K [0x00000000a0000000, 0x00000000a8300000, 0x00000000e0000000)
  object space 134144K, 40% used [0x00000000a0000000,0x00000000a34fc078,0x00000000a8300000)
 Metaspace       used 68551K, capacity 70928K, committed 71040K, reserved 1110016K
  class space    used 8951K, capacity 9567K, committed 9600K, reserved 1048576K
}
Event: 94.857 GC heap before
{Heap before GC invocations=20 (full 3):
 PSYoungGen      total 267264K, used 265520K [0x00000000e0000000, 0x00000000f1b80000, 0x0000000100000000)
  eden space 250368K, 100% used [0x00000000e0000000,0x00000000ef480000,0x00000000ef480000)
  from space 16896K, 89% used [0x00000000f0b00000,0x00000000f19cc080,0x00000000f1b80000)
  to   space 19968K, 0% used [0x00000000ef480000,0x00000000ef480000,0x00000000f0800000)
 ParOldGen       total 134144K, used 54256K [0x00000000a0000000, 0x00000000a8300000, 0x00000000e0000000)
  object space 134144K, 40% used [0x00000000a0000000,0x00000000a34fc078,0x00000000a8300000)
 Metaspace       used 72508K, capacity 75000K, committed 75264K, reserved 1114112K
  class space    used 9343K, capacity 9959K, committed 9984K, reserved 1048576K
Event: 94.874 GC heap after
Heap after GC invocations=20 (full 3):
 PSYoungGen      total 270336K, used 8317K [0x00000000e0000000, 0x00000000f4080000, 0x0000000100000000)
  eden space 250368K, 0% used [0x00000000e0000000,0x00000000e0000000,0x00000000ef480000)
  from space 19968K, 41% used [0x00000000ef480000,0x00000000efc9f6b0,0x00000000f0800000)
  to   space 19456K, 0% used [0x00000000f2d80000,0x00000000f2d80000,0x00000000f4080000)
 ParOldGen       total 134144K, used 54264K [0x00000000a0000000, 0x00000000a8300000, 0x00000000e0000000)
  object space 134144K, 40% used [0x00000000a0000000,0x00000000a34fe078,0x00000000a8300000)
 Metaspace       used 72508K, capacity 75000K, committed 75264K, reserved 1114112K
  class space    used 9343K, capacity 9959K, committed 9984K, reserved 1048576K
}

